[4150957][1590171715677][main][info]["Booting Postman 7.24.0, linux-5.6.13-arch1-1 on x64"]
[4150957][1590171715680][main][info]["EventBus~initialize - Success"]
[4150957][1590171715682][main][warn]["CloudProxyManager~init: Error while reading proxy configuration from user data - ",{"errno":-2,"code":"ENOENT","syscall":"open","path":"/home/alex/.config/Postman/Postman_Config/proxy","name":"Error","message":"ENOENT: no such file or directory, open '/home/alex/.config/Postman/Postman_Config/proxy'","stack":"Error: ENOENT: no such file or directory, open '/home/alex/.config/Postman/Postman_Config/proxy'"}]
[4150957][1590171715683][main][info]["CloudProxyManager~init - Success"]
[4150957][1590171715689][main][info]["UpdateHandler~init - Success"]
[4150957][1590171715690][main][info]["RuntimeExecutionService~initialized: Success"]
[4150957][1590171715760][main][info]["LinuxAutoUpdater~Cleanup - Initial cleanup successful"]
[4150957][1590171715798][main][warn]["main~populateInstallationId: Failed to get installationId from appSettings but with no error"]
[4150957][1590171715806][main][info]["Bootstrap-models~bootstrap - Success"]
[4150957][1590171716341][main][info]["window-manager~newSharedWindow: Shell loaded"]
[4150957][1590171718417][main][info]["Main~AppEvents - Received booted event for process shared"]
[4150957][1590171720299][main][info]["UpdateHandler~app-update-events - Received event",{"name":"checkForElectronVersionUpdated","namespace":"appUpdate"}]
[4150957][1590171720312][main][info]["Main~AppEvents - Received booted event for process requester"]
[4150957][1590171730777][main][info]["UpdateHandler~app-update-events - Received event",{"data":{"additionalParamsString":"installationId=00ed833f-fd1c-41b4-b0c5-3fe231f091ed&userId=0&syncEnabled=false&teamPlan=","appId":"00ed833f-fd1c-41b4-b0c5-3fe231f091ed","arch":"64","channel":"stable","downloadURL":"https://dl.pstmn.io/download/version/7.25.0/linux_64","downloadVersion":"7.25.0","platform":"LINUX","updateServerDomain":"https://dl.pstmn.io/","userAgent":"Mozilla/5.0 (X11; Linux x86_64) AppleWebKit/537.36 (KHTML, like Gecko) Postman/7.24.0 Chrome/69.0.3497.128 Electron/4.2.12 Safari/537.36","userId":"0","version":"7.24.0"},"name":"updateElectron","namespace":"appUpdate"}]
[4150957][1590171730778][main][info]["LinuxUpdater~downloadUpdate - UpdateInfo received",{"additionalParamsString":"installationId=00ed833f-fd1c-41b4-b0c5-3fe231f091ed&userId=0&syncEnabled=false&teamPlan=","appId":"00ed833f-fd1c-41b4-b0c5-3fe231f091ed","arch":"64","channel":"stable","downloadURL":"https://dl.pstmn.io/download/version/7.25.0/linux_64","downloadVersion":"7.25.0","platform":"LINUX","updateServerDomain":"https://dl.pstmn.io/","userAgent":"Mozilla/5.0 (X11; Linux x86_64) AppleWebKit/537.36 (KHTML, like Gecko) Postman/7.24.0 Chrome/69.0.3497.128 Electron/4.2.12 Safari/537.36","userId":"0","version":"7.24.0"}]
[4150957][1590171730965][main][info]["@postman/app-updater: error",{"errno":-13,"code":"EACCES","syscall":"open","path":"/usr/Postman-1590171730778.tar.gz","name":"Error","message":"EACCES: permission denied, open '/usr/Postman-1590171730778.tar.gz'","stack":"Error: EACCES: permission denied, open '/usr/Postman-1590171730778.tar.gz'"},{"packageName":"Postman","eID":"Postman-1590171730778","downloadURL":"https://dl.pstmn.io/download/version/7.25.0/linux_64","downloadDirectory":"/usr","downloadInfo":{"status":"DOWNLOAD_ERROR","error":{"errno":-13,"code":"EACCES","syscall":"open","path":"/usr/Postman-1590171730778.tar.gz"},"downloadDirectory":"/usr"}}]
[4150957][1590171730966][main][info]["UpdateHandler~app-update-events - Received event",{"name":"electronAppUpdateError","namespace":"appUpdate","data":{"error":{"errno":-13,"code":"EACCES","syscall":"open","path":"/usr/Postman-1590171730778.tar.gz","name":"Error","message":"EACCES: permission denied, open '/usr/Postman-1590171730778.tar.gz'","stack":"Error: EACCES: permission denied, open '/usr/Postman-1590171730778.tar.gz'"},"updateData":{"packageName":"Postman","eID":"Postman-1590171730778","downloadURL":"https://dl.pstmn.io/download/version/7.25.0/linux_64","downloadDirectory":"/usr","downloadInfo":{"status":"DOWNLOAD_ERROR","error":{"errno":-13,"code":"EACCES","syscall":"open","path":"/usr/Postman-1590171730778.tar.gz"},"downloadDirectory":"/usr"}}}}]
[4150957][1590173951039][main][info]["WindowManager~closeHandler - Closed Window (id: 4 )"]
[4150957][1590173951056][main][info]["Quitting app"]
[28414][1590690615203][main][info]["Booting Postman 7.25.0, linux-5.6.14-arch1-1 on x64"]
[28414][1590690615207][main][info]["EventBus~initialize - Success"]
[28414][1590690615209][main][warn]["CloudProxyManager~init: Error while reading proxy configuration from user data - ",{"errno":-2,"code":"ENOENT","syscall":"open","path":"/home/alex/.config/Postman/Postman_Config/proxy","name":"Error","message":"ENOENT: no such file or directory, open '/home/alex/.config/Postman/Postman_Config/proxy'","stack":"Error: ENOENT: no such file or directory, open '/home/alex/.config/Postman/Postman_Config/proxy'"}]
[28414][1590690615210][main][info]["CloudProxyManager~init - Success"]
[28414][1590690615220][main][info]["UpdateHandler~init - Success"]
[28414][1590690615221][main][info]["RuntimeExecutionService~initialized: Success"]
[28414][1590690615482][main][info]["LinuxAutoUpdater~Cleanup - Initial cleanup successful"]
[28414][1590690615690][main][info]["Bootstrap-models~bootstrap - Success"]
[28414][1590690617205][main][info]["window-manager~newSharedWindow: Shell loaded"]
[28414][1590690620068][main][info]["Main~AppEvents - Received booted event for process shared"]
[28414][1590690623030][main][info]["UpdateHandler~app-update-events - Received event",{"name":"checkForElectronVersionUpdated","namespace":"appUpdate"}]
[28414][1590690623033][main][info]["@postman/app-updater: version Updated","7.24.0","7.25.0"]
[28414][1590690623034][main][info]["UpdateHandler~app-update-events - Received event",{"name":"electronVersionUpdated","namespace":"appUpdate","data":{"lastKnownVersion":"7.24.0","currentVersion":"7.25.0"}}]
[28414][1590690623057][main][info]["Main~AppEvents - Received booted event for process requester"]
[28414][1590691460743][main][info]["WindowManager~closeHandler - Closed Window (id: 3 )"]
[28414][1590691460781][main][info]["Quitting app"]
