[4150957][1590171720113][requester][info]["EventBus~initialize - Success"]
[4150957][1590171720115][requester][info]["Messaging~boot - Success"]
[4150957][1590171720124][requester][info]["bootCrashReporter~ Success"]
[4150957][1590171720125][requester][info]["Telemetry~boot - Success"]
[4150957][1590171720126][requester][info]["bootConfigurations~initialize - Success"]
[4150957][1590171720129][requester][info]["Settings~boot - Success"]
[4150957][1590171720178][requester][info]["bootstrapModels - Success"]
[4150957][1590171720180][requester][info]["WLModels~boot - Success"]
[4150957][1590171720257][requester][info]["Session~boot - Success"]
[4150957][1590171720260][requester][info]["IndependentServices~boot - Success"]
[4150957][1590171720275][requester][info]["AppModels~boot - Success"]
[4150957][1590171720275][requester][info]["RuntimeListeners~boot- Success"]
[4150957][1590171720275][requester][info]["DBWatcher~boot - Success"]
[4150957][1590171720277][requester][info]["ThemeManager~boot - Success"]
[4150957][1590171720278][requester][info]["Store~boot - Success"]
[4150957][1590171720281][requester][info]["Shortcuts~boot - Success"]
[4150957][1590171720281][requester][info]["SyncProxy~boot - Success"]
[4150957][1590171720292][requester][info]["NewConsole~boot - Success"]
[4150957][1590171720296][requester][info]["APIDevInterface~boot - Success"]
[4150957][1590171720305][requester][info]["Requester~boot - Success"]
[4150957][1590171720305][requester][info]["booted - requester"]
[4150957][1590171720318][requester][warn]["CloudProxyHandler: Error while reading proxy configuration from user data - ",{"errno":-2,"code":"ENOENT","syscall":"open","path":"/home/alex/.config/Postman/Postman_Config/proxy","name":"Error","message":"ENOENT: no such file or directory, open '/home/alex/.config/Postman/Postman_Config/proxy'","stack":"Error: ENOENT: no such file or directory, open '/home/alex/.config/Postman/Postman_Config/proxy'"}]
[4150957][1590171721344][requester][info]["SessionValidation - Registering listener"]
[4150957][1590171721361][requester][warn]["FeatureFlagsStore~updateFlags: Could not find feature flags",{"error":{"message":"SyncRequestService\\x7erequestListener: Could not fetch from sync. Socket not connected."}}]
[4150957][1590171730973][requester][error]["Error in update flow: {\"code\":\"EACCES\",\"errno\":-13,\"message\":\"EACCES: permission denied, open '/usr/Postman-1590171730778.tar.gz'\",\"name\":\"Error\",\"path\":\"/usr/Postman-1590171730778.tar.gz\",\"stack\":\"Error: EACCES: permission denied, open '/usr/Postman-1590171730778.tar.gz'\",\"syscall\":\"open\"}"]
[28414][1590690622677][requester][info]["EventBus~initialize - Success"]
[28414][1590690622680][requester][info]["Messaging~boot - Success"]
[28414][1590690622728][requester][info]["bootCrashReporter~ Success"]
[28414][1590690622731][requester][info]["Telemetry~boot - Success"]
[28414][1590690622733][requester][info]["bootConfigurations~initialize - Success"]
[28414][1590690622739][requester][info]["Settings~boot - Success"]
[28414][1590690622887][requester][info]["bootstrapModels - Success"]
[28414][1590690622887][requester][info]["WLModels~boot - Success"]
[28414][1590690622937][requester][info]["Session~boot - Success"]
[28414][1590690622942][requester][info]["IndependentServices~boot - Success"]
[28414][1590690622970][requester][info]["AppModels~boot - Success"]
[28414][1590690622970][requester][info]["RuntimeListeners~boot- Success"]
[28414][1590690622971][requester][info]["DBWatcher~boot - Success"]
[28414][1590690622975][requester][info]["ThemeManager~boot - Success"]
[28414][1590690622975][requester][info]["Store~boot - Success"]
[28414][1590690622980][requester][info]["Shortcuts~boot - Success"]
[28414][1590690622981][requester][info]["SyncProxy~boot - Success"]
[28414][1590690623021][requester][info]["NewConsole~boot - Success"]
[28414][1590690623026][requester][info]["APIDevInterface~boot - Success"]
[28414][1590690623045][requester][info]["Requester~boot - Success"]
[28414][1590690623046][requester][info]["booted - requester"]
[28414][1590690623067][requester][warn]["CloudProxyHandler: Error while reading proxy configuration from user data - ",{"errno":-2,"code":"ENOENT","syscall":"open","path":"/home/alex/.config/Postman/Postman_Config/proxy","name":"Error","message":"ENOENT: no such file or directory, open '/home/alex/.config/Postman/Postman_Config/proxy'","stack":"Error: ENOENT: no such file or directory, open '/home/alex/.config/Postman/Postman_Config/proxy'"}]
[28414][1590690625137][requester][info]["SessionValidation - Registering listener"]
[28414][1590690625159][requester][warn]["FeatureFlagsStore~updateFlags: Could not find feature flags",{"error":{"message":"SyncRequestService\\x7erequestListener: Could not fetch from sync. Socket not connected."}}]
[28414][1590690711074][requester][warn]["Failed to subscribe to workspace for all APIs",{"name":"Error","message":"","stack":"Error\n    at SafeSubscriber.realtimeRequest$.pipe.subscribe.event [as _next] (file:///usr/share/postman/app/js/vendor-shared.js:481125:24)\n    at SafeSubscriber.__tryOrUnsub (file:///usr/share/postman/app/js/vendor-shared.js:42755:16)\n    at SafeSubscriber.next (file:///usr/share/postman/app/js/vendor-shared.js:42693:22)\n    at Subscriber._next (file:///usr/share/postman/app/js/vendor-shared.js:42636:26)\n    at Subscriber.next (file:///usr/share/postman/app/js/vendor-shared.js:42613:18)\n    at FilterSubscriber._next (file:///usr/share/postman/app/js/vendor-shared.js:173737:30)\n    at FilterSubscriber.Subscriber.next (file:///usr/share/postman/app/js/vendor-shared.js:42613:18)\n    at RefCountSubscriber.Subscriber._next (file:///usr/share/postman/app/js/vendor-shared.js:42636:26)\n    at RefCountSubscriber.Subscriber.next (file:///usr/share/postman/app/js/vendor-shared.js:42613:18)\n    at Subject.next (file:///usr/share/postman/app/js/vendor-shared.js:78510:25)\n    at ConnectableSubscriber.Subscriber._next (file:///usr/share/postman/app/js/vendor-shared.js:42636:26)\n    at ConnectableSubscriber.Subscriber.next (file:///usr/share/postman/app/js/vendor-shared.js:42613:18)\n    at EventEmitter.realtimeRequestBus.subscribe.event (file:///usr/share/postman/app/js/vendor-shared.js:481072:14)\n    at EventEmitter.emit (file:///usr/share/postman/app/js/vendor-shared.js:48956:5)\n    at _dispatch (file:///usr/share/postman/app/js/vendor-shared.js:171549:14)\n    at EventEmitter.<anonymous> (file:///usr/share/postman/app/js/vendor-shared.js:171559:9)"}]
[28414][1590690711158][requester][warn]["APIDevService~getAPIs: Failed to get APIs.",{"error":{"message":"SyncRequestService\\x7erequestListener: Could not fetch from sync. Socket not connected."}}]
[28414][1590690711161][requester][warn]["Failed to refresh API List",{"error":{"message":"SyncRequestService\\x7erequestListener: Could not fetch from sync. Socket not connected."}}]
[28414][1590690711578][requester][warn]["FeatureFlagsStore~updateFlags: Could not find feature flags",{"error":{"message":"SyncRequestService\\x7erequestListener: Could not fetch from sync. Socket not connected."}}]
[28414][1590691102109][requester][warn]["APIDevInterface~getAPIForModel: There is no API linked to the model"]
[28414][1590691127203][requester][warn]["APIDevInterface~getAPIForModel: There is no API linked to the model"]
[28414][1590691179212][requester][warn]["APIDevInterface~getAPIForModel: There is no API linked to the model"]
[28414][1590691195085][requester][warn]["APIDevInterface~getAPIForModel: There is no API linked to the model"]
[28414][1590691215803][requester][warn]["APIDevInterface~getAPIForModel: There is no API linked to the model"]
[28414][1590691226409][requester][warn]["APIDevInterface~getAPIForModel: There is no API linked to the model"]
[28414][1590691267179][requester][warn]["APIDevInterface~getAPIForModel: There is no API linked to the model"]
[28414][1590691282861][requester][warn]["APIDevInterface~getAPIForModel: There is no API linked to the model"]
