[4150957][1590171716321][shell][info]["EventBus~initialize - Success"]
[4150957][1590171716330][shell][info]["bootShellCrashReporter~ Success"]
[4150957][1590171716335][shell][info]["shellController~init: Success"]
[4150957][1590171716335][shell][info]["shellMeta~init: Success"]
[4150957][1590171716352][shell][info]["init~setViewAttributes - Initializing view with opts:",{"devtools":false,"id":2,"startTime":1590171715727,"type":"shared","partitionId":"default"}]
[4150957][1590171716354][shell][info]["init~setViewAttributes - Success"]
[4150957][1590171718678][shell][info]["EventBus~initialize - Success"]
[4150957][1590171718688][shell][info]["bootShellCrashReporter~ Success"]
[4150957][1590171718692][shell][info]["shellController~init: Success"]
[4150957][1590171718692][shell][info]["shellMeta~init: Success"]
[4150957][1590171718708][shell][info]["init~setViewAttributes - Initializing view with opts:",{"allIds":[4],"devtools":false,"id":4,"primaryId":4,"startTime":1590171718443,"type":"requester","partitionId":"default"}]
[4150957][1590171718710][shell][info]["init~setViewAttributes - Success"]
[28414][1590690617133][shell][info]["EventBus~initialize - Success"]
[28414][1590690617173][shell][info]["bootShellCrashReporter~ Success"]
[28414][1590690617175][shell][info]["shellController~init: Success"]
[28414][1590690617177][shell][info]["shellMeta~init: Success"]
[28414][1590690617226][shell][info]["init~setViewAttributes - Initializing view with opts:",{"devtools":false,"id":2,"startTime":1590690615454,"type":"shared","partitionId":"default"}]
[28414][1590690617228][shell][info]["init~setViewAttributes - Success"]
[28414][1590690620492][shell][info]["EventBus~initialize - Success"]
[28414][1590690620504][shell][info]["bootShellCrashReporter~ Success"]
[28414][1590690620508][shell][info]["shellController~init: Success"]
[28414][1590690620508][shell][info]["shellMeta~init: Success"]
[28414][1590690620528][shell][info]["init~setViewAttributes - Initializing view with opts:",{"allIds":[3],"devtools":false,"id":3,"primaryId":3,"startTime":1590690620143,"type":"requester","partitionId":"default"}]
[28414][1590690620531][shell][info]["init~setViewAttributes - Success"]
